<?xml version="1.0" encoding="UTF-8"?>
<testng-results skipped="0" failed="0" ignored="0" total="1" passed="1">
  <reporter-output>
  </reporter-output>
  <suite name="Default suite" duration-ms="63" started-at="2020-05-19T17:37:30 EDT" finished-at="2020-05-19T17:37:30 EDT">
    <groups>
    </groups>
    <test name="Default test" duration-ms="63" started-at="2020-05-19T17:37:30 EDT" finished-at="2020-05-19T17:37:30 EDT">
      <class name="com.syntax.test.TestNG">
        <test-method status="PASS" signature="hello()[pri:0, instance:com.syntax.test.TestNG@6e6c3152]" name="hello" duration-ms="12" started-at="2020-05-19T17:37:30 EDT" finished-at="2020-05-19T17:37:30 EDT">
          <reporter-output>
          </reporter-output>
        </test-method> <!-- hello -->
      </class> <!-- com.syntax.test.TestNG -->
    </test> <!-- Default test -->
  </suite> <!-- Default suite -->
</testng-results>
